#-----------------------------------------------------------
# Webtalk v2018.2 (64-bit)
# SW Build 2258646 on Thu Jun 14 20:03:12 MDT 2018
# 
# Start of session at: Wed Aug 22 09:50:53 2018
# Process ID: 17208
# Current directory: D:/WorkingDirectory/Ottawa_workingDir/Misc/USB_CDC/USB_CDC.sdk/webtalk
# Command line: wbtcv.exe -mode batch -source sdk_webtalk.tcl
# Log file: D:/WorkingDirectory/Ottawa_workingDir/Misc/USB_CDC/USB_CDC.sdk/webtalk/webtalk.log
# Journal file: D:/WorkingDirectory/Ottawa_workingDir/Misc/USB_CDC/USB_CDC.sdk/webtalk\webtalk.jou
#-----------------------------------------------------------
source sdk_webtalk.tcl
# webtalk_init -webtalk_dir D:\\WorkingDirectory\\Ottawa_workingDir\\Misc\\USB_CDC\\USB_CDC.sdk\\webtalk
# webtalk_register_client -client project
# webtalk_add_data -client project -key date_generated -value "2018-08-22 09:50:51" -context "software_version_and_target_device"
# webtalk_add_data -client project -key product_version -value "SDK v2018.2" -context "software_version_and_target_device"
# webtalk_add_data -client project -key build_version -value "2018.2" -context "software_version_and_target_device"
# webtalk_add_data -client project -key os_platform -value "amd64" -context "software_version_and_target_device"
# webtalk_add_data -client project -key registration_id -value "" -context "software_version_and_target_device"
# webtalk_add_data -client project -key tool_flow -value "SDK" -context "software_version_and_target_device"
# webtalk_add_data -client project -key beta -value "false" -context "software_version_and_target_device"
# webtalk_add_data -client project -key route_design -value "NA" -context "software_version_and_target_device"
# webtalk_add_data -client project -key target_family -value "NA" -context "software_version_and_target_device"
# webtalk_add_data -client project -key target_device -value "NA" -context "software_version_and_target_device"
# webtalk_add_data -client project -key target_package -value "NA" -context "software_version_and_target_device"
# webtalk_add_data -client project -key target_speed -value "NA" -context "software_version_and_target_device"
# webtalk_add_data -client project -key random_id -value "a84r983jcuc7d3cc00lcu9dkb4" -context "software_version_and_target_device"
# webtalk_add_data -client project -key project_id -value "2018.2_7" -context "software_version_and_target_device"
# webtalk_add_data -client project -key project_iteration -value "7" -context "software_version_and_target_device"
# webtalk_add_data -client project -key os_name -value "Microsoft Windows 8 or later , 64-bit" -context "user_environment"
# webtalk_add_data -client project -key os_release -value "major release  (build 9200)" -context "user_environment"
# webtalk_add_data -client project -key cpu_name -value "Intel(R) Core(TM) i7-3770 CPU @ 3.40GHz" -context "user_environment"
# webtalk_add_data -client project -key cpu_speed -value "3392 MHz" -context "user_environment"
# webtalk_add_data -client project -key total_processors -value "1" -context "user_environment"
# webtalk_add_data -client project -key system_ram -value "16.990 GB" -context "user_environment"
# webtalk_register_client -client sdk
# webtalk_add_data -client sdk -key uid -value "1534924154975" -context "sdk\\\\hardware/1534924154975"
# webtalk_add_data -client sdk -key isZynq -value "true" -context "sdk\\\\hardware/1534924154975"
# webtalk_add_data -client sdk -key isZynqMP -value "false" -context "sdk\\\\hardware/1534924154975"
# webtalk_add_data -client sdk -key Processors -value "2" -context "sdk\\\\hardware/1534924154975"
# webtalk_add_data -client sdk -key VivadoVersion -value "2018.1" -context "sdk\\\\hardware/1534924154975"
# webtalk_add_data -client sdk -key Arch -value "zynq" -context "sdk\\\\hardware/1534924154975"
# webtalk_add_data -client sdk -key Device -value "7z020" -context "sdk\\\\hardware/1534924154975"
# webtalk_add_data -client sdk -key IsHandoff -value "true" -context "sdk\\\\hardware/1534924154975"
# webtalk_add_data -client sdk -key os -value "NA" -context "sdk\\\\hardware/1534924154975"
# webtalk_add_data -client sdk -key apptemplate -value "NA" -context "sdk\\\\hardware/1534924154975"
# webtalk_add_data -client sdk -key RecordType -value "HWCreation" -context "sdk\\\\hardware/1534924154975"
# webtalk_add_data -client sdk -key uid -value "NA" -context "sdk\\\\bsp/1534924251498"
# webtalk_add_data -client sdk -key RecordType -value "ToolUsage" -context "sdk\\\\bsp/1534924251498"
# webtalk_add_data -client sdk -key BootgenCount -value "0" -context "sdk\\\\bsp/1534924251498"
# webtalk_add_data -client sdk -key DebugCount -value "0" -context "sdk\\\\bsp/1534924251498"
# webtalk_add_data -client sdk -key PerfCount -value "0" -context "sdk\\\\bsp/1534924251498"
# webtalk_add_data -client sdk -key FlashCount -value "0" -context "sdk\\\\bsp/1534924251498"
# webtalk_add_data -client sdk -key CrossTriggCount -value "0" -context "sdk\\\\bsp/1534924251498"
# webtalk_add_data -client sdk -key QemuDebugCount -value "0" -context "sdk\\\\bsp/1534924251498"
# webtalk_transmit -clientid 1435891589 -regid "" -xml D:\\WorkingDirectory\\Ottawa_workingDir\\Misc\\USB_CDC\\USB_CDC.sdk\\webtalk\\usage_statistics_ext_sdk.xml -html D:\\WorkingDirectory\\Ottawa_workingDir\\Misc\\USB_CDC\\USB_CDC.sdk\\webtalk\\usage_statistics_ext_sdk.html -wdm D:\\WorkingDirectory\\Ottawa_workingDir\\Misc\\USB_CDC\\USB_CDC.sdk\\webtalk\\sdk_webtalk.wdm -intro "<H3>SDK Usage Report</H3><BR>"
# webtalk_terminate
INFO: [Common 17-206] Exiting Webtalk at Wed Aug 22 09:50:57 2018...
